[2024-06-06 16:37:53:688][main] INFO  c.e.dividend.DividendApplication - Starting DividendApplication using Java 17.0.11 with PID 6084 (C:\Users\gkje1\OneDrive\바탕 화면\Dividend\build\classes\java\main started by gkje1 in C:\Users\gkje1\OneDrive\바탕 화면\Dividend)
[2024-06-06 16:37:53:689][main] INFO  c.e.dividend.DividendApplication - No active profile set, falling back to 1 default profile: "default"
[2024-06-06 16:37:54:1494][main] INFO  o.s.d.r.c.RepositoryConfigurationDelegate - Multiple Spring Data modules found, entering strict repository configuration mode
[2024-06-06 16:37:54:1496][main] INFO  o.s.d.r.c.RepositoryConfigurationDelegate - Bootstrapping Spring Data JPA repositories in DEFAULT mode.
[2024-06-06 16:37:54:1664][main] INFO  o.s.d.r.c.RepositoryConfigurationDelegate - Finished Spring Data repository scanning in 159 ms. Found 3 JPA repository interfaces.
[2024-06-06 16:37:54:1679][main] INFO  o.s.d.r.c.RepositoryConfigurationDelegate - Multiple Spring Data modules found, entering strict repository configuration mode
[2024-06-06 16:37:54:1680][main] INFO  o.s.d.r.c.RepositoryConfigurationDelegate - Bootstrapping Spring Data Redis repositories in DEFAULT mode.
[2024-06-06 16:37:54:1697][main] INFO  o.s.d.r.c.RepositoryConfigurationExtensionSupport - Spring Data Redis - Could not safely identify store assignment for repository candidate interface com.example.dividend.persist.CompanyRepository; If you want this repository to be a Redis repository, consider annotating your entities with one of these annotations: org.springframework.data.redis.core.RedisHash (preferred), or consider extending one of the following types with your repository: org.springframework.data.keyvalue.repository.KeyValueRepository
[2024-06-06 16:37:54:1699][main] INFO  o.s.d.r.c.RepositoryConfigurationExtensionSupport - Spring Data Redis - Could not safely identify store assignment for repository candidate interface com.example.dividend.persist.DividendRepository; If you want this repository to be a Redis repository, consider annotating your entities with one of these annotations: org.springframework.data.redis.core.RedisHash (preferred), or consider extending one of the following types with your repository: org.springframework.data.keyvalue.repository.KeyValueRepository
[2024-06-06 16:37:54:1699][main] INFO  o.s.d.r.c.RepositoryConfigurationExtensionSupport - Spring Data Redis - Could not safely identify store assignment for repository candidate interface com.example.dividend.persist.MemberRepository; If you want this repository to be a Redis repository, consider annotating your entities with one of these annotations: org.springframework.data.redis.core.RedisHash (preferred), or consider extending one of the following types with your repository: org.springframework.data.keyvalue.repository.KeyValueRepository
[2024-06-06 16:37:54:1699][main] INFO  o.s.d.r.c.RepositoryConfigurationDelegate - Finished Spring Data repository scanning in 11 ms. Found 0 Redis repository interfaces.
[2024-06-06 16:37:54:2327][main] INFO  o.s.b.w.e.tomcat.TomcatWebServer - Tomcat initialized with port 8080 (http)
[2024-06-06 16:37:54:2336][main] INFO  o.a.coyote.http11.Http11NioProtocol - Initializing ProtocolHandler ["http-nio-8080"]
[2024-06-06 16:37:54:2338][main] INFO  o.a.catalina.core.StandardService - Starting service [Tomcat]
[2024-06-06 16:37:54:2338][main] INFO  o.a.catalina.core.StandardEngine - Starting Servlet engine: [Apache Tomcat/10.1.24]
[2024-06-06 16:37:54:2413][main] INFO  o.a.c.c.C.[Tomcat].[localhost].[/] - Initializing Spring embedded WebApplicationContext
[2024-06-06 16:37:54:2413][main] INFO  o.s.b.w.s.c.ServletWebServerApplicationContext - Root WebApplicationContext: initialization completed in 1680 ms
[2024-06-06 16:37:54:2449][main] INFO  com.zaxxer.hikari.HikariDataSource - HikariPool-1 - Starting...
[2024-06-06 16:37:55:2665][main] INFO  com.zaxxer.hikari.pool.HikariPool - HikariPool-1 - Added connection conn0: url=jdbc:h2:mem:test user=SA
[2024-06-06 16:37:55:2667][main] INFO  com.zaxxer.hikari.HikariDataSource - HikariPool-1 - Start completed.
[2024-06-06 16:37:55:2677][main] INFO  o.s.b.a.h.H2ConsoleAutoConfiguration - H2 console available at '/h2-console'. Database available at 'jdbc:h2:mem:test'
[2024-06-06 16:37:55:2780][main] INFO  o.h.jpa.internal.util.LogHelper - HHH000204: Processing PersistenceUnitInfo [name: default]
[2024-06-06 16:37:55:2847][main] INFO  org.hibernate.Version - HHH000412: Hibernate ORM core version 6.5.2.Final
[2024-06-06 16:37:55:2889][main] INFO  o.h.c.i.RegionFactoryInitiator - HHH000026: Second-level cache disabled
[2024-06-06 16:37:55:3246][main] INFO  o.s.o.j.p.SpringPersistenceUnitInfo - No LoadTimeWeaver setup: ignoring JPA class transformer
[2024-06-06 16:37:56:4346][main] INFO  o.h.e.t.j.p.i.JtaPlatformInitiator - HHH000489: No JTA platform available (set 'hibernate.transaction.jta.platform' to enable JTA platform integration)
[2024-06-06 16:37:56:4398][main] INFO  o.s.o.j.LocalContainerEntityManagerFactoryBean - Initialized JPA EntityManagerFactory for persistence unit 'default'
[2024-06-06 16:37:57:5206][main] WARN  o.s.b.a.o.j.JpaBaseConfiguration$JpaWebConfiguration - spring.jpa.open-in-view is enabled by default. Therefore, database queries may be performed during view rendering. Explicitly configure spring.jpa.open-in-view to disable this warning
[2024-06-06 16:37:57:5237][main] INFO  o.s.s.c.a.a.c.InitializeUserDetailsBeanManagerConfigurer$InitializeUserDetailsManagerConfigurer - Global AuthenticationManager configured with UserDetailsService bean with name memberService
[2024-06-06 16:37:58:5551][main] INFO  o.s.s.w.DefaultSecurityFilterChain - Will secure any request with [org.springframework.security.web.session.DisableEncodeUrlFilter@7e3c5ef1, org.springframework.security.web.context.request.async.WebAsyncManagerIntegrationFilter@4ca6f587, org.springframework.security.web.context.SecurityContextHolderFilter@3eb4fdd5, org.springframework.security.web.header.HeaderWriterFilter@76fa3dd8, org.springframework.web.filter.CorsFilter@6442c2dd, org.springframework.security.web.authentication.logout.LogoutFilter@37a74cf4, org.springframework.security.web.savedrequest.RequestCacheAwareFilter@52dfd7f5, org.springframework.security.web.servletapi.SecurityContextHolderAwareRequestFilter@421c4c3e, org.springframework.security.web.authentication.AnonymousAuthenticationFilter@3647b274, org.springframework.security.web.access.ExceptionTranslationFilter@1d47b761, org.springframework.security.web.access.intercept.AuthorizationFilter@5d8de4bd]
[2024-06-06 16:37:58:5562][main] WARN  o.s.s.c.a.web.builders.WebSecurity - You are asking Spring Security to ignore DispatcherServletDelegating [ant = Ant [pattern='/error'], mvc = Mvc [pattern='/error']]. This is not recommended -- please use permitAll via HttpSecurity#authorizeHttpRequests instead.
[2024-06-06 16:37:58:5562][main] INFO  o.s.s.w.DefaultSecurityFilterChain - Will not secure DispatcherServletDelegating [ant = Ant [pattern='/error'], mvc = Mvc [pattern='/error']]
[2024-06-06 16:37:58:5563][main] WARN  o.s.s.c.a.web.builders.WebSecurity - You are asking Spring Security to ignore DispatcherServletDelegating [ant = Ant [pattern='/error/*'], mvc = Mvc [pattern='/error/*']]. This is not recommended -- please use permitAll via HttpSecurity#authorizeHttpRequests instead.
[2024-06-06 16:37:58:5563][main] INFO  o.s.s.w.DefaultSecurityFilterChain - Will not secure DispatcherServletDelegating [ant = Ant [pattern='/error/*'], mvc = Mvc [pattern='/error/*']]
[2024-06-06 16:37:58:6055][main] INFO  o.a.coyote.http11.Http11NioProtocol - Starting ProtocolHandler ["http-nio-8080"]
[2024-06-06 16:37:58:6071][main] INFO  o.s.b.w.e.tomcat.TomcatWebServer - Tomcat started on port 8080 (http) with context path '/'
[2024-06-06 16:37:58:6093][main] INFO  c.e.dividend.DividendApplication - Started DividendApplication in 5.955 seconds (process running for 6.713)
[2024-06-06 16:41:54:241949][SpringApplicationShutdownHook] INFO  o.s.o.j.LocalContainerEntityManagerFactoryBean - Closing JPA EntityManagerFactory for persistence unit 'default'
[2024-06-06 16:41:54:241952][SpringApplicationShutdownHook] INFO  com.zaxxer.hikari.HikariDataSource - HikariPool-1 - Shutdown initiated...
[2024-06-06 16:41:54:241954][SpringApplicationShutdownHook] INFO  com.zaxxer.hikari.HikariDataSource - HikariPool-1 - Shutdown completed.
