[2024-07-26 07:42:09:899][main] INFO  c.e.dividend.DividendApplication - Starting DividendApplication using Java 17.0.11 with PID 11080 (C:\Users\gkje1\OneDrive\바탕 화면\Dividend\build\classes\java\main started by gkje1 in C:\Users\gkje1\OneDrive\바탕 화면\Dividend)
[2024-07-26 07:42:09:907][main] INFO  c.e.dividend.DividendApplication - No active profile set, falling back to 1 default profile: "default"
[2024-07-26 07:42:10:1910][main] INFO  o.s.d.r.c.RepositoryConfigurationDelegate - Multiple Spring Data modules found, entering strict repository configuration mode
[2024-07-26 07:42:10:1913][main] INFO  o.s.d.r.c.RepositoryConfigurationDelegate - Bootstrapping Spring Data JPA repositories in DEFAULT mode.
[2024-07-26 07:42:10:2135][main] INFO  o.s.d.r.c.RepositoryConfigurationDelegate - Finished Spring Data repository scanning in 213 ms. Found 3 JPA repository interfaces.
[2024-07-26 07:42:10:2155][main] INFO  o.s.d.r.c.RepositoryConfigurationDelegate - Multiple Spring Data modules found, entering strict repository configuration mode
[2024-07-26 07:42:10:2156][main] INFO  o.s.d.r.c.RepositoryConfigurationDelegate - Bootstrapping Spring Data Redis repositories in DEFAULT mode.
[2024-07-26 07:42:10:2175][main] INFO  o.s.d.r.c.RepositoryConfigurationExtensionSupport - Spring Data Redis - Could not safely identify store assignment for repository candidate interface com.example.dividend.persist.CompanyRepository; If you want this repository to be a Redis repository, consider annotating your entities with one of these annotations: org.springframework.data.redis.core.RedisHash (preferred), or consider extending one of the following types with your repository: org.springframework.data.keyvalue.repository.KeyValueRepository
[2024-07-26 07:42:10:2177][main] INFO  o.s.d.r.c.RepositoryConfigurationExtensionSupport - Spring Data Redis - Could not safely identify store assignment for repository candidate interface com.example.dividend.persist.DividendRepository; If you want this repository to be a Redis repository, consider annotating your entities with one of these annotations: org.springframework.data.redis.core.RedisHash (preferred), or consider extending one of the following types with your repository: org.springframework.data.keyvalue.repository.KeyValueRepository
[2024-07-26 07:42:10:2177][main] INFO  o.s.d.r.c.RepositoryConfigurationExtensionSupport - Spring Data Redis - Could not safely identify store assignment for repository candidate interface com.example.dividend.persist.MemberRepository; If you want this repository to be a Redis repository, consider annotating your entities with one of these annotations: org.springframework.data.redis.core.RedisHash (preferred), or consider extending one of the following types with your repository: org.springframework.data.keyvalue.repository.KeyValueRepository
[2024-07-26 07:42:10:2177][main] INFO  o.s.d.r.c.RepositoryConfigurationDelegate - Finished Spring Data repository scanning in 9 ms. Found 0 Redis repository interfaces.
[2024-07-26 07:42:11:2905][main] INFO  o.s.b.w.e.tomcat.TomcatWebServer - Tomcat initialized with port 8080 (http)
[2024-07-26 07:42:11:2918][main] INFO  o.a.coyote.http11.Http11NioProtocol - Initializing ProtocolHandler ["http-nio-8080"]
[2024-07-26 07:42:11:2920][main] INFO  o.a.catalina.core.StandardService - Starting service [Tomcat]
[2024-07-26 07:42:11:2920][main] INFO  o.a.catalina.core.StandardEngine - Starting Servlet engine: [Apache Tomcat/10.1.24]
[2024-07-26 07:42:11:3005][main] INFO  o.a.c.c.C.[Tomcat].[localhost].[/] - Initializing Spring embedded WebApplicationContext
[2024-07-26 07:42:11:3006][main] INFO  o.s.b.w.s.c.ServletWebServerApplicationContext - Root WebApplicationContext: initialization completed in 2012 ms
[2024-07-26 07:42:11:3047][main] INFO  com.zaxxer.hikari.HikariDataSource - HikariPool-1 - Starting...
[2024-07-26 07:42:11:3333][main] INFO  com.zaxxer.hikari.pool.HikariPool - HikariPool-1 - Added connection conn0: url=jdbc:h2:mem:test user=SA
[2024-07-26 07:42:11:3335][main] INFO  com.zaxxer.hikari.HikariDataSource - HikariPool-1 - Start completed.
[2024-07-26 07:42:11:3347][main] INFO  o.s.b.a.h.H2ConsoleAutoConfiguration - H2 console available at '/h2-console'. Database available at 'jdbc:h2:mem:test'
[2024-07-26 07:42:12:3468][main] INFO  o.h.jpa.internal.util.LogHelper - HHH000204: Processing PersistenceUnitInfo [name: default]
[2024-07-26 07:42:12:3566][main] INFO  org.hibernate.Version - HHH000412: Hibernate ORM core version 6.5.2.Final
[2024-07-26 07:42:12:3618][main] INFO  o.h.c.i.RegionFactoryInitiator - HHH000026: Second-level cache disabled
[2024-07-26 07:42:12:4042][main] INFO  o.s.o.j.p.SpringPersistenceUnitInfo - No LoadTimeWeaver setup: ignoring JPA class transformer
[2024-07-26 07:42:13:5281][main] INFO  o.h.e.t.j.p.i.JtaPlatformInitiator - HHH000489: No JTA platform available (set 'hibernate.transaction.jta.platform' to enable JTA platform integration)
[2024-07-26 07:42:13:5340][main] INFO  o.s.o.j.LocalContainerEntityManagerFactoryBean - Initialized JPA EntityManagerFactory for persistence unit 'default'
[2024-07-26 07:42:14:6227][main] WARN  o.s.b.a.o.j.JpaBaseConfiguration$JpaWebConfiguration - spring.jpa.open-in-view is enabled by default. Therefore, database queries may be performed during view rendering. Explicitly configure spring.jpa.open-in-view to disable this warning
[2024-07-26 07:42:14:6262][main] INFO  o.s.s.c.a.a.c.InitializeUserDetailsBeanManagerConfigurer$InitializeUserDetailsManagerConfigurer - Global AuthenticationManager configured with UserDetailsService bean with name memberService
[2024-07-26 07:42:15:6636][main] INFO  o.s.s.w.DefaultSecurityFilterChain - Will secure any request with [org.springframework.security.web.session.DisableEncodeUrlFilter@79f6b43a, org.springframework.security.web.context.request.async.WebAsyncManagerIntegrationFilter@7b80ac30, org.springframework.security.web.context.SecurityContextHolderFilter@3e1c566d, org.springframework.security.web.header.HeaderWriterFilter@2e04dbc1, org.springframework.web.filter.CorsFilter@8d0253b, org.springframework.security.web.authentication.logout.LogoutFilter@4bda93f1, org.springframework.security.web.savedrequest.RequestCacheAwareFilter@3d287f7c, org.springframework.security.web.servletapi.SecurityContextHolderAwareRequestFilter@19598b38, org.springframework.security.web.authentication.AnonymousAuthenticationFilter@f61f06e, org.springframework.security.web.access.ExceptionTranslationFilter@12b962b1, org.springframework.security.web.access.intercept.AuthorizationFilter@54aacbc7]
[2024-07-26 07:42:15:6647][main] WARN  o.s.s.c.a.web.builders.WebSecurity - You are asking Spring Security to ignore org.springframework.boot.autoconfigure.security.servlet.StaticResourceRequest$StaticResourceRequestMatcher@1d47b761. This is not recommended -- please use permitAll via HttpSecurity#authorizeHttpRequests instead.
[2024-07-26 07:42:15:6647][main] INFO  o.s.s.w.DefaultSecurityFilterChain - Will not secure org.springframework.boot.autoconfigure.security.servlet.StaticResourceRequest$StaticResourceRequestMatcher@1d47b761
[2024-07-26 07:42:16:7386][main] INFO  o.a.coyote.http11.Http11NioProtocol - Starting ProtocolHandler ["http-nio-8080"]
[2024-07-26 07:42:16:7405][main] INFO  o.s.b.w.e.tomcat.TomcatWebServer - Tomcat started on port 8080 (http) with context path '/'
[2024-07-26 07:42:16:7418][main] INFO  c.e.dividend.DividendApplication - Started DividendApplication in 7.246 seconds (process running for 8.033)
[2024-07-26 07:42:25:17019][http-nio-8080-exec-5] INFO  o.a.c.c.C.[Tomcat].[localhost].[/] - Initializing Spring DispatcherServlet 'dispatcherServlet'
[2024-07-26 07:42:25:17019][http-nio-8080-exec-5] INFO  o.s.web.servlet.DispatcherServlet - Initializing Servlet 'dispatcherServlet'
[2024-07-26 07:42:25:17021][http-nio-8080-exec-5] INFO  o.s.web.servlet.DispatcherServlet - Completed initialization in 1 ms
[2024-07-26 07:44:12:123766][SpringApplicationShutdownHook] INFO  o.s.o.j.LocalContainerEntityManagerFactoryBean - Closing JPA EntityManagerFactory for persistence unit 'default'
[2024-07-26 07:44:12:123768][SpringApplicationShutdownHook] INFO  com.zaxxer.hikari.HikariDataSource - HikariPool-1 - Shutdown initiated...
[2024-07-26 07:44:12:123769][SpringApplicationShutdownHook] INFO  com.zaxxer.hikari.HikariDataSource - HikariPool-1 - Shutdown completed.
